#pijams
Array
(
    [IAMP0001L] => Array
        (
            [40] => 0
            [42] => 0
            [44] => 0
            [46] => 0
            [48] => 0
        )

    [IAMP0002B] => Array
        (
            [40] => 0
            [42] => 0
            [44] => 0
            [46] => 0
            [48] => 0
        )

    [IAMP0003B] => Array
        (
            [40] => 0
            [42] => 0
            [44] => 0
            [46] => 0
            [48] => 0
        )

    [IAMP0004B] => Array
        (
            [40] => 0
            [42] => 0
            [44] => 0
            [46] => 0
            [48] => 0
        )

    [IAMP0005L] => Array
        (
            [40] => 0
            [42] => 0
            [44] => 0
            [46] => 0
            [48] => 0
        )

    [IAMP0006B] => Array
        (
            [40] => 0
            [42] => 0
            [44] => 0
            [46] => 0
            [48] => 0
        )

    [IAMP0007P] => Array
        (
            [40] => 0
            [42] => 0
            [44] => 0
            [46] => 0
            [48] => 0
        )

    [IAMP0009L] => Array
        (
            [40] => 0
            [42] => 7
            [44] => 7
            [46] => 8
            [48] => 9
            [50] => 7
        )

    [IAMP0010B] => Array
        (
            [40] => 0
            [42] => 21
            [44] => 12
            [46] => 0
            [48] => 13
            [50] => 22
        )

    [IAMP0011P] => Array
        (
            [40] => 0
            [42] => 0
            [44] => 0
            [46] => 0
            [48] => 11
            [50] => 4
        )

    [IAMP0012M] => Array
        (
            [40] => 0
            [42] => 0
            [44] => 0
            [46] => 0
            [48] => 0
            [50] => 6
        )

    [IAMP0013E] => Array
        (
            [40] => 0
            [42] => 0
            [44] => 0
            [46] => 0
            [48] => 0
            [50] => 0
        )

    [IAMP0014P] => Array
        (
            [40] => 0
            [42] => 0
            [44] => 0
            [46] => 0
            [48] => 0
        )

    [IAMP0015L] => Array
        (
            [40] => 0
            [42] => 0
            [44] => 0
            [46] => 0
            [48] => 0
        )

    [IAMP0016M] => Array
        (
            [40] => 0
            [42] => 0
            [44] => 0
            [46] => 0
            [48] => 0
        )

    [IAMP0017P] => Array
        (
            [42-44] => 1
            [44-46] => 0
        )

    [IAMP0018L] => Array
        (
            [40] => 0
            [42] => 0
            [44] => 0
            [46] => 0
            [48] => 0
        )

    [IAMP0019M] => Array
        (
            [40] => 0
            [42] => 0
            [44] => 0
            [46] => 0
            [48] => 0
        )

    [IAMP0020P] => Array
        (
            [40] => 0
            [42] => 0
            [44] => 0
            [46] => 0
            [48] => 0
        )

    [IAMP0021P] => Array
        (
            [40] => 21
            [42] => 38
            [44] => 14
            [46] => 24
            [48] => 17
            [50] => 4
        )

    [IAMP0022T] => Array
        (
            [40] => 12
            [42] => 5
            [44] => 8
            [46] => 10
            [48] => 13
            [50] => 14
        )

    [IAMP0023G] => Array
        (
            [40] => 0
            [42] => 0
            [44] => 0
            [46] => 0
            [48] => 0
        )

    [IAMP0024P] => Array
        (
            [40] => 8
            [42] => 27
            [44] => 18
            [46] => 19
            [48] => 8
            [50] => 8
        )

    [IAMP0025B] => Array
        (
            [40] => 0
            [42] => 0
            [44] => 0
            [46] => 0
            [48] => 0
            [50] => 0
        )

    [IAMP0026P] => Array
        (
            [40] => 5
            [42] => 17
            [44] => 14
            [46] => 15
            [48] => 9
            [50] => 7
        )

    [IAMP0027E] => Array
        (
            [40] => 0
            [42] => 0
            [44] => 0
            [46] => 0
            [48] => 0
            [50] => 0
        )

    [IAMP0028B] => Array
        (
            [40] => 0
            [42] => 0
            [44] => 11
            [46] => 4
            [48] => 2
            [50] => 3
        )

    [IAMP0029P] => Array
        (
            [40] => 0
            [42] => 0
            [44] => 0
            [46] => 0
            [48] => 0
            [50] => 4
        )

    [IAMP0030M] => Array
        (
            [40] => 2
            [42] => 18
            [44] => 11
            [46] => 11
            [48] => 6
            [50] => 9
        )

    [IAMP0031T] => Array
        (
            [40] => 7
            [42] => 22
            [44] => 14
            [46] => 15
            [48] => 9
            [50] => 8
        )

    [IAMP0032M] => Array
        (
            [40] => 0
            [42] => 0
            [44] => 0
            [46] => 0
            [48] => 0
            [50] => 1
        )

    [IAMP0033G] => Array
        (
            [40] => 0
            [42] => 0
            [44] => 0
            [46] => 0
            [48] => 0
        )

    [IAMP0034L] => Array
        (
            [40] => 0
            [42] => 0
            [44] => 0
            [46] => 0
            [48] => 0
            [50] => 0
        )

    [IAMP0035M] => Array
        (
            [40] => 0
            [42] => 0
            [44] => 0
            [46] => 0
            [48] => 0
            [50] => 0
        )

    [IAMP0036P] => Array
        (
            [40] => 0
            [42] => 0
            [44] => 0
            [46] => 0
            [48] => 0
            [50] => 0
        )

    [IAMP0037T] => Array
        (
            [40] => 0
            [42] => 6
            [44] => 0
            [46] => 4
            [48] => 1
            [50] => 3
        )

    [IAMP0038P] => Array
        (
            [40] => 0
            [42] => 0
            [44] => 0
            [46] => 0
            [48] => 0
            [50] => 13
        )

    [IAMP0039E] => Array
        (
            [40] => 17
            [42] => 4
            [44] => 0
            [46] => 9
            [48] => 14
            [50] => 33
        )

    [IAMP0040B] => Array
        (
            [40] => 0
            [42] => 37
            [44] => 45
            [46] => 58
            [48] => 0
            [50] => 14
        )

    [IAMP0041L] => Array
        (
            [40] => 0
            [42] => 0
            [44] => 0
            [46] => 0
            [48] => 0
            [50] => 0
        )

    [IAMP0042M] => Array
        (
            [40] => 0
            [42] => 12
            [44] => 11
            [46] => 0
            [48] => 0
            [50] => 0
        )

    [IAMP0043P] => Array
        (
            [40] => 0
            [42] => 3
            [44] => 0
            [46] => 0
            [48] => 0
            [50] => 0
        )

    [IAMP0044B] => Array
        (
            [40] => 0
            [42] => 0
            [44] => 0
            [46] => 0
            [48] => 0
            [50] => 0
        )

    [IAMP0045P] => Array
        (
            [40] => 3
            [42] => 9
            [44] => 4
            [46] => 6
            [48] => 3
            [50] => 3
        )

    [IAMP0046B] => Array
        (
            [40] => 0
            [42] => 0
            [44] => 0
            [46] => 0
            [48] => 0
            [50] => 0
        )

    [IAMP0046T] => Array
        (
            [40] => 0
            [42] => 5
            [44] => 0
            [46] => 0
            [48] => 0
            [50] => 2
        )

    [IAMP0047P] => Array
        (
            [40] => 0
            [42] => 0
            [44] => 0
            [46] => 0
            [48] => 0
            [50] => 0
        )

    [IAMP0048L] => Array
        (
            [40] => 0
            [42] => 0
            [44] => 0
            [46] => 0
            [48] => 0
            [50] => 0
        )

    [IAMP0049E] => Array
        (
            [40] => 38
            [42] => 0
            [44] => 0
            [46] => 37
            [48] => 29
            [50] => 40
        )

    [IAMP0050M] => Array
        (
            [40] => 0
            [42] => 0
            [44] => 0
            [46] => 0
            [48] => 0
            [50] => 0
        )

    [IAMP0051M] => Array
        (
            [40] => 0
            [42] => 0
            [44] => 0
            [46] => 0
            [48] => 0
            [50] => 7
        )

    [IAMP0052T] => Array
        (
            [40] => 0
            [42] => 0
            [44] => 0
            [46] => 0
            [48] => 0
        )

    [IAMP0053L] => Array
        (
            [40] => 0
            [42] => 0
            [44] => 0
            [46] => 0
            [48] => 0
        )

    [IAMP0054E] => Array
        (
            [40] => 0
            [42] => 0
            [44] => 0
            [46] => 0
            [48] => 6
            [50] => 13
        )

    [IAMP0055P] => Array
        (
            [40] => 0
            [42] => 40
            [44] => 21
            [46] => 46
            [48] => 9
            [50] => 29
        )

    [IAMP0056B] => Array
        (
            [40] => 0
            [42] => 0
            [44] => 0
            [46] => 5
            [48] => 0
            [50] => 6
        )

    [IAMP0057G] => Array
        (
            [40] => 0
            [42] => 1
            [44] => 3
            [46] => 0
            [48] => 0
        )

    [IAMP0058L] => Array
        (
            [40] => 0
            [42] => 0
            [44] => 0
            [46] => 0
            [48] => 0
        )

    [IAMP0059B] => Array
        (
            [40] => 0
            [42] => 0
            [44] => 2
            [46] => 0
            [48] => 0
        )

    [IAMP0060G] => Array
        (
            [40] => 0
            [42] => 5
            [44] => 5
            [46] => 0
            [48] => 0
        )

    [IAMP0061B] => Array
        (
            [40] => 0
            [42] => 0
            [44] => 0
            [46] => 0
            [48] => 0
            [50] => 1
        )

    [IAMP0062R] => Array
        (
            [40] => 0
            [42] => 0
            [44] => 4
            [46] => 2
            [48] => 2
            [50] => 1
        )

)

#ladyshowroom
Array
(
    [IAMP0001L] => Array
        (
            [16] => 0
            [15] => 0
            [18] => 0
            [14] => 0
            [17] => 0
            [13] => 0
        )

    [IAMP0002B] => Array
        (
            [13] => 0
            [16] => 0
            [15] => 0
            [18] => 0
            [14] => 0
            [17] => 0
        )

    [IAMP0003B] => Array
        (
            [13] => 0
            [16] => 0
            [15] => 0
            [18] => 0
            [14] => 0
            [17] => 0
        )

    [IAMP0004B] => Array
        (
            [14] => 0
            [17] => 0
            [13] => 0
            [16] => 0
            [15] => 0
            [18] => 0
        )

    [IAMP0005L] => Array
        (
            [14] => 0
            [17] => 0
            [13] => 0
            [16] => 0
            [15] => 0
            [18] => 0
        )

    [IAMP0006B] => Array
        (
            [18] => 0
            [14] => 0
            [17] => 0
            [13] => 0
            [16] => 0
            [15] => 0
        )

    [IAMP0007P] => Array
        (
            [15] => 0
            [18] => 0
            [14] => 0
            [17] => 0
            [13] => 0
            [16] => 0
        )

    [IAMP0009L] => Array
        (
            [15] => 0
            [18] => 0
            [14] => 0
            [17] => 0
            [13] => 0
            [16] => 0
        )

    [IAMP0010B] => Array
        (
            [16] => 0
            [15] => 0
            [18] => 0
            [14] => 0
            [17] => 0
            [13] => 0
        )

    [IAMP0011P] => Array
        (
            [13] => 0
            [16] => 0
            [15] => 0
            [18] => 0
            [14] => 0
            [17] => 0
        )

    [IAMP0012M] => Array
        (
            [13] => 0
            [16] => 0
            [15] => 0
            [18] => 0
            [14] => 0
            [17] => 0
        )

    [IAMP0013E] => Array
        (
            [13] => 0
            [16] => 0
            [15] => 0
            [18] => 0
            [14] => 0
            [17] => 0
        )

    [IAMP0014P] => Array
        (
            [14] => 0
            [17] => 0
            [13] => 0
            [16] => 0
            [15] => 0
            [18] => 0
        )

    [IAMP0015L] => Array
        (
            [14] => 0
            [17] => 0
            [13] => 0
            [16] => 0
            [15] => 0
            [18] => 0
        )

    [IAMP0016M] => Array
        (
            [18] => 0
            [14] => 0
            [17] => 0
            [13] => 0
            [16] => 0
            [15] => 0
        )

    [IAMP0017P] => Array
        (
            [14] => 0
            [17] => 0
            [18] => 0
            [13] => 0
            [16] => 0
            [15] => 0
        )

    [IAMP0018L] => Array
        (
            [15] => 0
            [18] => 0
            [14] => 0
            [17] => 0
            [13] => 0
            [16] => 0
        )

    [IAMP0019M] => Array
        (
            [15] => 0
            [18] => 0
            [14] => 0
            [17] => 0
            [13] => 0
            [16] => 0
        )

    [IAMP0020P] => Array
        (
            [16] => 0
            [15] => 0
            [18] => 0
            [14] => 0
            [17] => 0
            [13] => 0
        )

    [IAMP0023G] => Array
        (
            [13] => 0
            [16] => 0
            [15] => 0
            [18] => 0
            [14] => 0
            [17] => 0
        )

    [IAMP0024P] => Array
        (
            [17] => 0
            [13] => 0
            [16] => 0
            [15] => 0
            [18] => 0
            [14] => 0
        )

    [IAMP0025B] => Array
        (
            [15] => 0
            [18] => 0
            [14] => 0
            [17] => 0
            [13] => 0
            [16] => 0
        )

    [IAMP0026P] => Array
        (
            [14] => 0
            [17] => 0
            [13] => 0
            [16] => 0
            [15] => 0
            [18] => 0
        )

    [IAMP0027E] => Array
        (
            [13] => 0
            [16] => 0
            [15] => 0
            [18] => 0
            [14] => 0
            [17] => 0
        )

    [IAMP0028B] => Array
        (
            [14] => 0
            [17] => 0
            [13] => 0
            [16] => 0
            [15] => 0
            [18] => 0
        )

    [IAMP0029P] => Array
        (
            [13] => 0
            [16] => 0
            [15] => 0
            [18] => 0
            [14] => 0
            [17] => 0
        )

    [IAMP0030M] => Array
        (
            [15] => 0
            [18] => 0
            [14] => 0
            [17] => 0
            [13] => 0
            [16] => 0
        )

    [IAMP0031T] => Array
        (
            [15] => 0
            [18] => 0
            [14] => 0
            [17] => 0
            [13] => 0
            [16] => 0
        )

    [IAMP0032M] => Array
        (
            [17] => 0
            [13] => 0
            [16] => 0
            [15] => 0
            [18] => 0
            [14] => 0
        )

    [IAMP0033G] => Array
        (
            [13] => 0
            [16] => 0
            [15] => 0
            [18] => 0
            [14] => 0
            [17] => 0
        )

    [IAMP0034L] => Array
        (
            [14] => 0
            [17] => 0
            [13] => 0
            [16] => 0
            [15] => 0
            [18] => 0
        )

    [IAMP0035M] => Array
        (
            [14] => 0
            [17] => 0
            [13] => 0
            [16] => 0
            [15] => 0
            [18] => 0
        )

    [IAMP0036P] => Array
        (
            [18] => 0
            [14] => 0
            [17] => 0
            [13] => 0
            [16] => 0
            [15] => 0
        )

    [IAMP0037T] => Array
        (
            [14] => 0
            [17] => 0
            [13] => 0
            [16] => 0
            [15] => 0
            [18] => 0
        )

    [IAMP0039E] => Array
        (
            [15] => 0
            [18] => 0
            [14] => 0
            [17] => 0
            [13] => 0
            [16] => 0
        )

    [IAMP0040B] => Array
        (
            [15] => 0
            [18] => 0
            [14] => 0
            [17] => 0
            [13] => 0
            [16] => 0
        )

    [IAMP0041L] => Array
        (
            [16] => 0
            [15] => 0
            [18] => 0
            [14] => 0
            [17] => 0
            [13] => 0
        )

    [IAMP0042M] => Array
        (
            [13] => 0
            [16] => 0
            [15] => 0
            [18] => 0
            [14] => 0
            [17] => 0
        )

    [IAMP0043P] => Array
        (
            [13] => 0
            [16] => 0
            [15] => 0
            [18] => 0
            [14] => 0
            [17] => 0
        )

    [IAMP0044B] => Array
        (
            [14] => 0
            [17] => 0
            [13] => 0
            [16] => 0
            [15] => 0
            [18] => 0
        )

    [IAMP0045P] => Array
        (
            [15] => 0
            [18] => 0
            [14] => 0
            [17] => 0
            [13] => 0
            [16] => 0
        )

    [IAMP0046B] => Array
        (
            [14] => 0
            [17] => 0
            [13] => 0
            [16] => 0
            [15] => 0
            [18] => 0
        )

    [IAMP0046T] => Array
        (
            [15] => 0
            [18] => 0
            [14] => 0
            [17] => 0
            [13] => 0
            [16] => 0
        )

    [IAMP0047P] => Array
        (
            [15] => 0
            [18] => 0
            [14] => 0
            [17] => 0
            [13] => 0
            [16] => 0
        )

    [IAMP0048L] => Array
        (
            [15] => 0
            [18] => 0
            [14] => 0
            [17] => 0
            [13] => 0
            [16] => 0
        )

    [IAMP0049E] => Array
        (
            [13] => 0
        )

    [IAMP0051M] => Array
        (
            [15] => 0
            [18] => 0
            [14] => 0
            [17] => 0
            [13] => 0
            [16] => 0
        )

    [IAMP0052T] => Array
        (
            [15] => 0
            [18] => 0
            [14] => 0
            [17] => 0
            [13] => 0
            [16] => 0
        )

    [IAMP0053L] => Array
        (
            [13] => 0
            [16] => 0
            [15] => 0
            [18] => 0
            [14] => 0
            [17] => 0
        )

    [IAMP0054E] => Array
        (
            [13] => 0
            [16] => 0
            [15] => 0
            [18] => 0
            [14] => 0
            [17] => 0
        )

    [IAMP0055P] => Array
        (
            [17] => 0
            [13] => 0
            [16] => 0
            [15] => 0
            [18] => 0
            [14] => 0
        )

    [IAMP0056B] => Array
        (
            [14] => 0
            [17] => 0
            [13] => 0
            [16] => 0
            [15] => 0
            [18] => 0
        )

    [IAMP0057G] => Array
        (
            [14] => 0
            [17] => 0
            [13] => 0
            [16] => 0
            [15] => 0
            [18] => 0
        )

    [IAMP0058L] => Array
        (
            [18] => 0
            [14] => 0
            [17] => 0
            [13] => 0
            [16] => 0
            [15] => 0
        )

    [IAMP0059B] => Array
        (
            [15] => 0
            [18] => 0
            [14] => 0
            [17] => 0
            [13] => 0
            [16] => 0
        )

    [IAMP0060G] => Array
        (
            [13] => 0
            [17] => 0
            [16] => 1
            [15] => 0
            [14] => 0
            [18] => 0
        )

)

#result
Array
(
    [IAMP0021P] => Array
        (
            [40] => 21
            [42] => 38
            [44] => 14
            [46] => 24
            [48] => 17
            [50] => 4
        )

    [IAMP0022T] => Array
        (
            [40] => 12
            [42] => 5
            [44] => 8
            [46] => 10
            [48] => 13
            [50] => 14
        )

    [IAMP0038P] => Array
        (
            [40] => 0
            [42] => 0
            [44] => 0
            [46] => 0
            [48] => 0
            [50] => 13
        )

    [IAMP0050M] => Array
        (
            [40] => 0
            [42] => 0
            [44] => 0
            [46] => 0
            [48] => 0
            [50] => 0
        )

    [IAMP0061B] => Array
        (
            [40] => 0
            [42] => 0
            [44] => 0
            [46] => 0
            [48] => 0
            [50] => 1
        )

    [IAMP0062R] => Array
        (
            [40] => 0
            [42] => 0
            [44] => 4
            [46] => 2
            [48] => 2
            [50] => 1
        )

)

